<?xml version="1.0" encoding="UTF-8"?>
<!-- Generated by org.testng.reporters.JUnitXMLReporter -->
<testsuite ignored="0" hostname="DESKTOP-HS68FTR" failures="1" tests="27" name="Different testing feature test" time="76.714" errors="0" timestamp="2022-04-15T17:16:06 IST">
  <testcase classname="TestNGTutorials.DenpendsOnTest" name="loginTest" time="0.011"/>
  <testcase classname="TestNGTutorials.DenpendsOnTest" name="homeTest" time="0.002"/>
  <testcase classname="TestNGTutorials.DenpendsOnTest" name="searchTest" time="0.009"/>
  <testcase classname="TestNGTutorials.GoogleTest" name="googleLogoTest" time="0.139"/>
  <testcase classname="TestNGTutorials.GoogleTest" name="googleMailLinkTest" time="10.065">
    <skipped/>
  </testcase> <!-- googleMailLinkTest -->
  <testcase classname="TestNGTutorials.GoogleTest" name="googleMailLinkTest" time="10.052">
    <skipped/>
  </testcase> <!-- googleMailLinkTest -->
  <testcase classname="TestNGTutorials.GoogleTest" name="googleMailLinkTest" time="10.071">
    <skipped/>
  </testcase> <!-- googleMailLinkTest -->
  <testcase classname="TestNGTutorials.GoogleTest" name="googleMailLinkTest" time="10.065">
    <failure type="org.openqa.selenium.NoSuchElementException" message="no such element: Unable to locate element: {&amp;quot;method&amp;quot;:&amp;quot;link text&amp;quot;,&amp;quot;selector&amp;quot;:&amp;quot;Gmail1&amp;quot;}
  (Session info: chrome=100.0.4896.75)
For documentation on this error, please visit: http://seleniumhq.org/exceptions/no_such_element.html
Build info: version: &amp;apos;3.14.0&amp;apos;, revision: &amp;apos;aacccce0&amp;apos;, time: &amp;apos;2018-08-02T20:05:20.749Z&amp;apos;
System info: host: &amp;apos;DESKTOP-HS68FTR&amp;apos;, ip: &amp;apos;172.19.96.1&amp;apos;, os.name: &amp;apos;Windows 10&amp;apos;, os.arch: &amp;apos;amd64&amp;apos;, os.version: &amp;apos;10.0&amp;apos;, java.version: &amp;apos;16.0.2&amp;apos;
Driver info: org.openqa.selenium.chrome.ChromeDriver
Capabilities {acceptInsecureCerts: false, browserName: chrome, browserVersion: 100.0.4896.75, chrome: {chromedriverVersion: 99.0.4844.51 (d537ec02474b5..., userDataDir: C:\Users\Pd\AppData\Local\T...}, goog:chromeOptions: {debuggerAddress: localhost:65200}, javascriptEnabled: true, networkConnectionEnabled: false, pageLoadStrategy: normal, platform: WINDOWS, platformName: WINDOWS, proxy: Proxy(), setWindowRect: true, strictFileInteractability: false, timeouts: {implicit: 0, pageLoad: 300000, script: 30000}, unhandledPromptBehavior: dismiss and notify, webauthn:extension:credBlob: true, webauthn:extension:largeBlob: true, webauthn:virtualAuthenticators: true}
Session ID: bbca89491596fa20aeb5c8fb1e50dfec
*** Element info: {Using=link text, value=Gmail1}">
      <![CDATA[org.openqa.selenium.NoSuchElementException: no such element: Unable to locate element: {"method":"link text","selector":"Gmail1"}
  (Session info: chrome=100.0.4896.75)
For documentation on this error, please visit: http://seleniumhq.org/exceptions/no_such_element.html
Build info: version: '3.14.0', revision: 'aacccce0', time: '2018-08-02T20:05:20.749Z'
System info: host: 'DESKTOP-HS68FTR', ip: '172.19.96.1', os.name: 'Windows 10', os.arch: 'amd64', os.version: '10.0', java.version: '16.0.2'
Driver info: org.openqa.selenium.chrome.ChromeDriver
Capabilities {acceptInsecureCerts: false, browserName: chrome, browserVersion: 100.0.4896.75, chrome: {chromedriverVersion: 99.0.4844.51 (d537ec02474b5..., userDataDir: C:\Users\Pd\AppData\Local\T...}, goog:chromeOptions: {debuggerAddress: localhost:65200}, javascriptEnabled: true, networkConnectionEnabled: false, pageLoadStrategy: normal, platform: WINDOWS, platformName: WINDOWS, proxy: Proxy(), setWindowRect: true, strictFileInteractability: false, timeouts: {implicit: 0, pageLoad: 300000, script: 30000}, unhandledPromptBehavior: dismiss and notify, webauthn:extension:credBlob: true, webauthn:extension:largeBlob: true, webauthn:virtualAuthenticators: true}
Session ID: bbca89491596fa20aeb5c8fb1e50dfec
*** Element info: {Using=link text, value=Gmail1}
at org.openqa.selenium.remote.http.W3CHttpResponseCodec.createException(W3CHttpResponseCodec.java:187)
at org.openqa.selenium.remote.http.W3CHttpResponseCodec.decode(W3CHttpResponseCodec.java:122)
at org.openqa.selenium.remote.http.W3CHttpResponseCodec.decode(W3CHttpResponseCodec.java:49)
at org.openqa.selenium.remote.HttpCommandExecutor.execute(HttpCommandExecutor.java:158)
at org.openqa.selenium.remote.service.DriverCommandExecutor.execute(DriverCommandExecutor.java:83)
at org.openqa.selenium.remote.RemoteWebDriver.execute(RemoteWebDriver.java:548)
at org.openqa.selenium.remote.RemoteWebDriver.findElement(RemoteWebDriver.java:322)
at org.openqa.selenium.remote.RemoteWebDriver.findElementByLinkText(RemoteWebDriver.java:376)
at org.openqa.selenium.By$ByLinkText.findElement(By.java:220)
at org.openqa.selenium.remote.RemoteWebDriver.findElement(RemoteWebDriver.java:314)
at TestNGTutorials.GoogleTest.googleMailLinkTest(GoogleTest.java:52)
at java.base/java.util.ArrayList.forEach(ArrayList.java:1511)
... Removed 32 stack frames]]>
    </failure>
  </testcase> <!-- googleMailLinkTest -->
  <testcase classname="TestNGTutorials.GoogleTest" name="googleTitleTest" time="0.019"/>
  <testcase classname="TestNGTutorials.GoogleTitleTest" name="googleLogoTest" time="0.096"/>
  <testcase classname="TestNGTutorials.GoogleTitleTest" name="googleTitleTest" time="0.026"/>
  <testcase classname="TestNGTutorials.InvocationCountTest" name="sum" time="0.004"/>
  <testcase classname="TestNGTutorials.InvocationCountTest" name="sum" time="0.005"/>
  <testcase classname="TestNGTutorials.InvocationCountTest" name="sum" time="0.003"/>
  <testcase classname="TestNGTutorials.InvocationCountTest" name="sum" time="0.002"/>
  <testcase classname="TestNGTutorials.InvocationCountTest" name="sum" time="0.001"/>
  <testcase classname="TestNGTutorials.InvocationCountTest" name="sum" time="0.003"/>
  <testcase classname="TestNGTutorials.InvocationCountTest" name="sum" time="0.001"/>
  <testcase classname="TestNGTutorials.InvocationCountTest" name="sum" time="0.002"/>
  <testcase classname="TestNGTutorials.InvocationCountTest" name="sum" time="0.003"/>
  <testcase classname="TestNGTutorials.InvocationCountTest" name="sum" time="0.001"/>
  <testcase classname="TestNGTutorials.TestCasePriority_Grouping" name="Test2" time="0.001"/>
  <testcase classname="TestNGTutorials.TestCasePriority_Grouping" name="Test4" time="0.002"/>
  <testcase classname="TestNGTutorials.TestCasePriority_Grouping" name="Test1" time="0.002"/>
  <testcase classname="TestNGTutorials.TestCasePriority_Grouping" name="Test3" time="0.002"/>
  <testcase classname="TestNGTutorials.TestNgBasics" name="googleTitleTest" time="0.015"/>
  <testcase classname="TestNGTutorials.TestNgBasics" name="searchTest" time="0.003"/>
</testsuite> <!-- Different testing feature test -->
