<?xml version="1.0" encoding="UTF-8"?>
<!-- Generated by org.testng.reporters.JUnitXMLReporter -->
<testsuite ignored="0" hostname="DESKTOP-HS68FTR" failures="0" tests="1" name="Extent Report Test" time="0.4" errors="0" timestamp="2022-02-26T20:08:16 IST">
  <testcase classname="TestNGTutorials.ExtentReportTest" name="@BeforeTest setExtent" time="0.274">
    <failure type="java.lang.NoClassDefFoundError" message="freemarker/template/TemplateModelException">
      <![CDATA[java.lang.NoClassDefFoundError: freemarker/template/TemplateModelException
at com.relevantcodes.extentreports.ExtentReports.<init>(ExtentReports.java:86)
at com.relevantcodes.extentreports.ExtentReports.<init>(ExtentReports.java:375)
at TestNGTutorials.ExtentReportTest.setExtent(ExtentReportTest.java:41)
Caused by: java.lang.ClassNotFoundException: freemarker.template.TemplateModelException
at java.base/jdk.internal.loader.BuiltinClassLoader.loadClass(BuiltinClassLoader.java:636)
at java.base/jdk.internal.loader.ClassLoaders$AppClassLoader.loadClass(ClassLoaders.java:182)
at java.base/java.lang.ClassLoader.loadClass(ClassLoader.java:519)
... 27 more
... Removed 24 stack frames]]>
    </failure>
  </testcase> <!-- @BeforeTest setExtent -->
  <testcase classname="TestNGTutorials.ExtentReportTest" name="@BeforeMethod setUp" time="-1.645886296329E9">
    <skipped/>
  </testcase> <!-- @BeforeMethod setUp -->
  <testcase classname="TestNGTutorials.ExtentReportTest" name="@AfterMethod tearDown" time="-1.64588629635E9">
    <skipped/>
  </testcase> <!-- @AfterMethod tearDown -->
  <testcase classname="TestNGTutorials.ExtentReportTest" name="@AfterTest endReport" time="-1.645886296363E9">
    <skipped/>
  </testcase> <!-- @AfterTest endReport -->
  <testcase classname="TestNGTutorials.ExtentReportTest" name="freeCrmTitleTest" time="0.0">
    <skipped/>
  </testcase> <!-- freeCrmTitleTest -->
</testsuite> <!-- Extent Report Test -->
